{
  "RSpec": {
    "coverage": {
      "/home/alex/Rails/s_net/app/helpers/application_helper.rb": {
        "lines": [
          1,
          null
        ]
      },
      "/home/alex/Rails/s_net/app/models/page.rb": {
        "lines": [
          null,
          null,
          null,
          null,
          null,
          null,
          null,
          null,
          null,
          null,
          null,
          1,
          1,
          null,
          1,
          1,
          1,
          null,
          1,
          null,
          1,
          1,
          1,
          1,
          1,
          null,
          null
        ]
      },
      "/home/alex/Rails/s_net/app/models/application_record.rb": {
        "lines": [
          1,
          1,
          null
        ]
      },
      "/home/alex/Rails/s_net/app/channels/application_cable/channel.rb": {
        "lines": [
          0,
          0,
          0,
          0
        ],
        "branches": {
        }
      },
      "/home/alex/Rails/s_net/app/channels/application_cable/connection.rb": {
        "lines": [
          0,
          0,
          0,
          0
        ],
        "branches": {
        }
      },
      "/home/alex/Rails/s_net/app/controllers/application_controller.rb": {
        "lines": [
          0,
          0
        ],
        "branches": {
        }
      },
      "/home/alex/Rails/s_net/app/jobs/application_job.rb": {
        "lines": [
          0,
          null,
          null,
          null,
          null,
          null,
          0
        ],
        "branches": {
        }
      },
      "/home/alex/Rails/s_net/app/mailers/application_mailer.rb": {
        "lines": [
          0,
          0,
          0,
          0
        ],
        "branches": {
        }
      }
    },
    "timestamp": 1646420146
  }
}
